2026-07-03 13:20:30,272 INFO Fetching data from https://data.cityofnewyork.us/resource/7479-ugqb.json
2026-07-03 13:20:31,654 INFO Fetched 6514 records
2026-07-03 13:20:31,655 INFO Fetching metadata from https://data.cityofnewyork.us/api/views/metadata/v1/7479-ugqb
2026-07-03 13:20:31,812 INFO Saving data to Daily data/2026_07_02.json
2026-07-03 13:20:31,858 INFO Saved data successfully.
2026-07-04 07:34:31,402 INFO Fetching data from https://data.cityofnewyork.us/resource/7479-ugqb.json
2026-07-04 07:34:32,152 INFO Fetched 6497 records
2026-07-04 07:34:32,152 INFO Fetching metadata from https://data.cityofnewyork.us/api/views/metadata/v1/7479-ugqb
2026-07-04 07:34:32,435 INFO Saving data to Daily data/2026_07_03.json
2026-07-04 07:34:32,480 INFO Saved data successfully.
2026-07-05 07:50:50,849 INFO Fetching data from https://data.cityofnewyork.us/resource/7479-ugqb.json
2026-07-05 07:50:51,553 INFO Fetched 6497 records
2026-07-05 07:50:51,553 INFO Fetching metadata from https://data.cityofnewyork.us/api/views/metadata/v1/7479-ugqb
2026-07-05 07:50:51,822 INFO Saving data to Daily data/2026_07_03.json
2026-07-05 07:50:51,868 INFO Saved data successfully.
2026-07-06 08:53:45,694 INFO Fetching data from https://data.cityofnewyork.us/resource/7479-ugqb.json
2026-07-06 08:53:47,087 INFO Fetched 6497 records
2026-07-06 08:53:47,088 INFO Fetching metadata from https://data.cityofnewyork.us/api/views/metadata/v1/7479-ugqb
2026-07-06 08:53:47,153 INFO Saving data to Daily data/2026_07_03.json
2026-07-06 08:53:47,201 INFO Saved data successfully.
2026-07-07 08:13:09,780 INFO Fetching data from https://data.cityofnewyork.us/resource/7479-ugqb.json
2026-07-07 08:13:11,054 INFO Fetched 6589 records
2026-07-07 08:13:11,055 INFO Fetching metadata from https://data.cityofnewyork.us/api/views/metadata/v1/7479-ugqb
2026-07-07 08:13:11,268 INFO Saving data to Daily data/2026_07_06.json
2026-07-07 08:13:11,314 INFO Saved data successfully.
2026-07-08 07:20:23,274 INFO Fetching data from https://data.cityofnewyork.us/resource/7479-ugqb.json
2026-07-08 07:20:24,333 INFO Fetched 6589 records
2026-07-08 07:20:24,333 INFO Fetching metadata from https://data.cityofnewyork.us/api/views/metadata/v1/7479-ugqb
2026-07-08 07:20:24,759 INFO Saving data to Daily data/2026_07_06.json
2026-07-08 07:20:24,806 INFO Saved data successfully.
